This is pdfTeX, Version 3.1415926-2.3-1.40.12 (MiKTeX 2.9) (preloaded format=pdflatex 2011.11.25)  13 DEC 2013 15:19
entering extended mode
**infospreading.tex

(C:\Users\User\Documents\GitHub\Project-Info-Spreading\doc\latex\infospreading.
tex
LaTeX2e <2009/09/24>
Babel <v3.8l> and hyphenation patterns for english, afrikaans, ancientgreek, ar
abic, armenian, assamese, basque, bengali, bokmal, bulgarian, catalan, coptic, 
croatian, czech, danish, dutch, esperanto, estonian, farsi, finnish, french, ga
lician, german, german-x-2009-06-19, greek, gujarati, hindi, hungarian, iceland
ic, indonesian, interlingua, irish, italian, kannada, kurmanji, lao, latin, lat
vian, lithuanian, malayalam, marathi, mongolian, mongolianlmc, monogreek, ngerm
an, ngerman-x-2009-06-19, nynorsk, oriya, panjabi, pinyin, polish, portuguese, 
romanian, russian, sanskrit, serbian, slovak, slovenian, spanish, swedish, swis
sgerman, tamil, telugu, turkish, turkmen, ukenglish, ukrainian, uppersorbian, u
senglishmax, welsh, loaded.
("C:\Program Files\MiKTeX 2.9\tex\latex\base\article.cls"
Document Class: article 2007/10/19 v1.4h Standard LaTeX document class
("C:\Program Files\MiKTeX 2.9\tex\latex\base\size11.clo"
File: size11.clo 2007/10/19 v1.4h Standard LaTeX file (size option)
)
\c@part=\count79
\c@section=\count80
\c@subsection=\count81
\c@subsubsection=\count82
\c@paragraph=\count83
\c@subparagraph=\count84
\c@figure=\count85
\c@table=\count86
\abovecaptionskip=\skip41
\belowcaptionskip=\skip42
\bibindent=\dimen102
)
("C:\Program Files\MiKTeX 2.9\tex\latex\geometry\geometry.sty"
Package: geometry 2010/09/12 v5.6 Page Geometry

("C:\Program Files\MiKTeX 2.9\tex\latex\graphics\keyval.sty"
Package: keyval 1999/03/16 v1.13 key=value parser (DPC)
\KV@toks@=\toks14
)
("C:\Program Files\MiKTeX 2.9\tex\generic\oberdiek\ifpdf.sty"
Package: ifpdf 2011/01/30 v2.3 Provides the ifpdf switch (HO)
Package ifpdf Info: pdfTeX in PDF mode is detected.
)
("C:\Program Files\MiKTeX 2.9\tex\generic\oberdiek\ifvtex.sty"
Package: ifvtex 2010/03/01 v1.5 Switches for detecting VTeX and its modes (HO)
Package ifvtex Info: VTeX not detected.
)
("C:\Program Files\MiKTeX 2.9\tex\generic\ifxetex\ifxetex.sty"
Package: ifxetex 2010/09/12 v0.6 Provides ifxetex conditional
)
\Gm@cnth=\count87
\Gm@cntv=\count88
\c@Gm@tempcnt=\count89
\Gm@bindingoffset=\dimen103
\Gm@wd@mp=\dimen104
\Gm@odd@mp=\dimen105
\Gm@even@mp=\dimen106
\Gm@layoutwidth=\dimen107
\Gm@layoutheight=\dimen108
\Gm@layouthoffset=\dimen109
\Gm@layoutvoffset=\dimen110
\Gm@dimlist=\toks15

("C:\Program Files\MiKTeX 2.9\tex\latex\geometry\geometry.cfg"))
("C:\Program Files\MiKTeX 2.9\tex\latex\graphics\graphicx.sty"
Package: graphicx 1999/02/16 v1.0f Enhanced LaTeX Graphics (DPC,SPQR)

("C:\Program Files\MiKTeX 2.9\tex\latex\graphics\graphics.sty"
Package: graphics 2009/02/05 v1.0o Standard LaTeX Graphics (DPC,SPQR)

("C:\Program Files\MiKTeX 2.9\tex\latex\graphics\trig.sty"
Package: trig 1999/03/16 v1.09 sin cos tan (DPC)
)
("C:\Program Files\MiKTeX 2.9\tex\latex\00miktex\graphics.cfg"
File: graphics.cfg 2007/01/18 v1.5 graphics configuration of teTeX/TeXLive
)
Package graphics Info: Driver file: pdftex.def on input line 91.

("C:\Program Files\MiKTeX 2.9\tex\latex\pdftex-def\pdftex.def"
File: pdftex.def 2011/05/27 v0.06d Graphics/color for pdfTeX

("C:\Program Files\MiKTeX 2.9\tex\generic\oberdiek\infwarerr.sty"
Package: infwarerr 2010/04/08 v1.3 Providing info/warning/message (HO)
)
("C:\Program Files\MiKTeX 2.9\tex\generic\oberdiek\ltxcmds.sty"
Package: ltxcmds 2011/04/18 v1.20 LaTeX kernel commands for general use (HO)
)
\Gread@gobject=\count90
))
\Gin@req@height=\dimen111
\Gin@req@width=\dimen112
)
("C:\Program Files\MiKTeX 2.9\tex\latex\caption\caption.sty"
Package: caption 2010/01/09 v3.1m Customizing captions (AR)

("C:\Program Files\MiKTeX 2.9\tex\latex\caption\caption3.sty"
Package: caption3 2010/01/14 v3.1m caption3 kernel (AR)
\captionmargin=\dimen113
\captionmargin@=\dimen114
\captionwidth=\dimen115
\caption@indent=\dimen116
\caption@parindent=\dimen117
\caption@hangindent=\dimen118
)
\c@ContinuedFloat=\count91
)
("C:\Program Files\MiKTeX 2.9\tex\latex\amsfonts\amssymb.sty"
Package: amssymb 2009/06/22 v3.00

("C:\Program Files\MiKTeX 2.9\tex\latex\amsfonts\amsfonts.sty"
Package: amsfonts 2009/06/22 v3.00 Basic AMSFonts support
\@emptytoks=\toks16
\symAMSa=\mathgroup4
\symAMSb=\mathgroup5
LaTeX Font Info:    Overwriting math alphabet `\mathfrak' in version `bold'
(Font)                  U/euf/m/n --> U/euf/b/n on input line 96.
))
("C:\Program Files\MiKTeX 2.9\tex\latex\oberdiek\epstopdf.sty"
Package: epstopdf 2010/02/09 v2.5 Conversion with epstopdf on the fly (HO)

("C:\Program Files\MiKTeX 2.9\tex\latex\oberdiek\epstopdf-base.sty"
Package: epstopdf-base 2010/02/09 v2.5 Base part for package epstopdf

("C:\Program Files\MiKTeX 2.9\tex\latex\oberdiek\grfext.sty"
Package: grfext 2010/08/19 v1.1 Managing graphics extensions (HO)

("C:\Program Files\MiKTeX 2.9\tex\generic\oberdiek\kvdefinekeys.sty"
Package: kvdefinekeys 2011/04/07 v1.3 Defining keys (HO)
))
("C:\Program Files\MiKTeX 2.9\tex\latex\oberdiek\kvoptions.sty"
Package: kvoptions 2010/12/23 v3.10 Keyval support for LaTeX options (HO)

("C:\Program Files\MiKTeX 2.9\tex\generic\oberdiek\kvsetkeys.sty"
Package: kvsetkeys 2011/04/07 v1.13 Key value parser (HO)

("C:\Program Files\MiKTeX 2.9\tex\generic\oberdiek\etexcmds.sty"
Package: etexcmds 2011/02/16 v1.5 Prefix for e-TeX command names (HO)

("C:\Program Files\MiKTeX 2.9\tex\generic\oberdiek\ifluatex.sty"
Package: ifluatex 2010/03/01 v1.3 Provides the ifluatex switch (HO)
Package ifluatex Info: LuaTeX not detected.
)
Package etexcmds Info: Could not find \expanded.
(etexcmds)             That can mean that you are not using pdfTeX 1.50 or
(etexcmds)             that some package has redefined \expanded.
(etexcmds)             In the latter case, load this package earlier.
)))
("C:\Program Files\MiKTeX 2.9\tex\generic\oberdiek\pdftexcmds.sty"
Package: pdftexcmds 2011/04/22 v0.16 Utilities of pdfTeX for LuaTeX (HO)
Package pdftexcmds Info: LuaTeX not detected.
Package pdftexcmds Info: \pdf@primitive is available.
Package pdftexcmds Info: \pdf@ifprimitive is available.
Package pdftexcmds Info: \pdfdraftmode found.
)
Package grfext Info: Graphics extension search list:
(grfext)             [.png,.pdf,.jpg,.mps,.jpeg,.jbig2,.jb2,.PNG,.PDF,.JPG,.JPE
G,.JBIG2,.JB2,.eps]
(grfext)             \AppendGraphicsExtensions on input line 452.
))
("C:\Program Files\MiKTeX 2.9\tex\latex\natbib\natbib.sty"
Package: natbib 2010/09/13 8.31b (PWD, AO)
\bibhang=\skip43
\bibsep=\skip44
LaTeX Info: Redefining \cite on input line 694.
\c@NAT@ctr=\count92
)
("C:\Program Files\MiKTeX 2.9\tex\latex\ams\math\amsmath.sty"
Package: amsmath 2000/07/18 v2.13 AMS math features
\@mathmargin=\skip45

For additional information on amsmath, use the `?' option.
("C:\Program Files\MiKTeX 2.9\tex\latex\ams\math\amstext.sty"
Package: amstext 2000/06/29 v2.01

("C:\Program Files\MiKTeX 2.9\tex\latex\ams\math\amsgen.sty"
File: amsgen.sty 1999/11/30 v2.0
\@emptytoks=\toks17
\ex@=\dimen119
))
("C:\Program Files\MiKTeX 2.9\tex\latex\ams\math\amsbsy.sty"
Package: amsbsy 1999/11/29 v1.2d
\pmbraise@=\dimen120
)
("C:\Program Files\MiKTeX 2.9\tex\latex\ams\math\amsopn.sty"
Package: amsopn 1999/12/14 v2.01 operator names
)
\inf@bad=\count93
LaTeX Info: Redefining \frac on input line 211.
\uproot@=\count94
\leftroot@=\count95
LaTeX Info: Redefining \overline on input line 307.
\classnum@=\count96
\DOTSCASE@=\count97
LaTeX Info: Redefining \ldots on input line 379.
LaTeX Info: Redefining \dots on input line 382.
LaTeX Info: Redefining \cdots on input line 467.
\Mathstrutbox@=\box26
\strutbox@=\box27
\big@size=\dimen121
LaTeX Font Info:    Redeclaring font encoding OML on input line 567.
LaTeX Font Info:    Redeclaring font encoding OMS on input line 568.
\macc@depth=\count98
\c@MaxMatrixCols=\count99
\dotsspace@=\muskip10
\c@parentequation=\count100
\dspbrk@lvl=\count101
\tag@help=\toks18
\row@=\count102
\column@=\count103
\maxfields@=\count104
\andhelp@=\toks19
\eqnshift@=\dimen122
\alignsep@=\dimen123
\tagshift@=\dimen124
\tagwidth@=\dimen125
\totwidth@=\dimen126
\lineht@=\dimen127
\@envbody=\toks20
\multlinegap=\skip46
\multlinetaggap=\skip47
\mathdisplay@stack=\toks21
LaTeX Info: Redefining \[ on input line 2666.
LaTeX Info: Redefining \] on input line 2667.
)
("C:\Program Files\MiKTeX 2.9\tex\latex\mh\empheq.sty"
Package: empheq 2007/12/03 v2.12 Emphasizing equations (MH)

("C:\Program Files\MiKTeX 2.9\tex\latex\mh\mhsetup.sty"
Package: mhsetup 2010/01/21 v1.2a programming setup (MH)
)
("C:\Program Files\MiKTeX 2.9\tex\latex\mh\mathtools.sty"
Package: mathtools 2011/02/12 v1.10 mathematical typesetting tools

("C:\Program Files\MiKTeX 2.9\tex\latex\tools\calc.sty"
Package: calc 2007/08/22 v4.3 Infix arithmetic (KKT,FJ)
\calc@Acount=\count105
\calc@Bcount=\count106
\calc@Adimen=\dimen128
\calc@Bdimen=\dimen129
\calc@Askip=\skip48
\calc@Bskip=\skip49
LaTeX Info: Redefining \setlength on input line 76.
LaTeX Info: Redefining \addtolength on input line 77.
\calc@Ccount=\count107
\calc@Cskip=\skip50
)
\g_MT_multlinerow_int=\count108
\l_MT_multwidth_dim=\dimen130
\origjot=\skip51
\l_MT_shortvdotswithinadjustabove_dim=\dimen131
\l_MT_shortvdotswithinadjustbelow_dim=\dimen132
)
\l_EQ_equationtype_int=\count109
\l_EQ_alignmentmode_int=\count110
\l_EQ_totalwidth_dim=\dimen133
\l_EQ_displaywidth_dim=\dimen134
\l_EQ_temp_linewidth_dim=\dimen135
\EmphEqdelimitershortfall=\dimen136
\EmphEqdelimiterfactor=\count111
\g_EQ_toptag_height_dim=\dimen137
\g_EQ_bottomtag_depth_dim=\dimen138
\g_EQ_toprow_height_dim=\dimen139
\g_EQ_bottomrow_depth_dim=\dimen140
\g_EQ_widesttag_dim=\dimen141
\EQ_mathdisplay_box=\box28
\EQ_tag_box=\box29
\g_EQ_temprow_int=\count112
)
("C:\Program Files\MiKTeX 2.9\tex\latex\listings\listings.sty"
\lst@mode=\count113
\lst@gtempboxa=\box30
\lst@token=\toks22
\lst@length=\count114
\lst@currlwidth=\dimen142
\lst@column=\count115
\lst@pos=\count116
\lst@lostspace=\dimen143
\lst@width=\dimen144
\lst@newlines=\count117
\lst@lineno=\count118
\lst@maxwidth=\dimen145

("C:\Program Files\MiKTeX 2.9\tex\latex\listings\lstmisc.sty"
File: lstmisc.sty 2007/02/22 1.4 (Carsten Heinz)
\c@lstnumber=\count119
\lst@skipnumbers=\count120
\lst@framebox=\box31
)
("C:\Program Files\MiKTeX 2.9\tex\latex\listings\listings.cfg"
File: listings.cfg 2007/02/22 1.4 listings configuration
))
Package: listings 2007/02/22 1.4 (Carsten Heinz)

(C:\Users\User\Documents\GitHub\Project-Info-Spreading\doc\latex\infospreading.
aux

LaTeX Warning: Label `Network-Graph' multiply defined.

)
LaTeX Font Info:    Checking defaults for OML/cmm/m/it on input line 27.
LaTeX Font Info:    ... okay on input line 27.
LaTeX Font Info:    Checking defaults for T1/cmr/m/n on input line 27.
LaTeX Font Info:    ... okay on input line 27.
LaTeX Font Info:    Checking defaults for OT1/cmr/m/n on input line 27.
LaTeX Font Info:    ... okay on input line 27.
LaTeX Font Info:    Checking defaults for OMS/cmsy/m/n on input line 27.
LaTeX Font Info:    ... okay on input line 27.
LaTeX Font Info:    Checking defaults for OMX/cmex/m/n on input line 27.
LaTeX Font Info:    ... okay on input line 27.
LaTeX Font Info:    Checking defaults for U/cmr/m/n on input line 27.
LaTeX Font Info:    ... okay on input line 27.

*geometry* driver: auto-detecting
*geometry* detected driver: pdftex
*geometry* verbose mode - [ preamble ] result:
* driver: pdftex
* paper: letterpaper
* layout: <same size as paper>
* layoutoffset:(h,v)=(0.0pt,0.0pt)
* modes: 
* h-part:(L,W,R)=(92.14519pt, 430.00462pt, 92.14519pt)
* v-part:(T,H,B)=(95.39737pt, 556.47656pt, 143.09605pt)
* \paperwidth=614.295pt
* \paperheight=794.96999pt
* \textwidth=430.00462pt
* \textheight=556.47656pt
* \oddsidemargin=19.8752pt
* \evensidemargin=19.8752pt
* \topmargin=-13.87262pt
* \headheight=12.0pt
* \headsep=25.0pt
* \topskip=11.0pt
* \footskip=30.0pt
* \marginparwidth=59.0pt
* \marginparsep=10.0pt
* \columnsep=10.0pt
* \skip\footins=10.0pt plus 4.0pt minus 2.0pt
* \hoffset=0.0pt
* \voffset=0.0pt
* \mag=1000
* \@twocolumnfalse
* \@twosidefalse
* \@mparswitchfalse
* \@reversemarginfalse
* (1in=72.27pt=25.4mm, 1cm=28.453pt)

("C:\Program Files\MiKTeX 2.9\tex\context\base\supp-pdf.mkii"
[Loading MPS to PDF converter (version 2006.09.02).]
\scratchcounter=\count121
\scratchdimen=\dimen146
\scratchbox=\box32
\nofMPsegments=\count122
\nofMParguments=\count123
\everyMPshowfont=\toks23
\MPscratchCnt=\count124
\MPscratchDim=\dimen147
\MPnumerator=\count125
\everyMPtoPDFconversion=\toks24
)
Package caption Info: Begin \AtBeginDocument code.
Package caption Info: listings package is loaded.
Package caption Info: End \AtBeginDocument code.
\Hy@linkcounter=\count126
\c@lstlisting=\count127
 (C:\Users\User\Documents\GitHub\Project-Info-Spreading\doc\latex\cover.tex
Package epstopdf Info: Source file: <ETHlogo.eps>
(epstopdf)                    date: 2013-12-03 15:40:40
(epstopdf)                    size: 179075 bytes
(epstopdf)             Output file: <ETHlogo-eps-converted-to.pdf>
(epstopdf)                    date: 2013-12-03 15:40:40
(epstopdf)                    size: 14354 bytes
(epstopdf)             Command: <epstopdf --outfile=ETHlogo-eps-converted-to.pd
f ETHlogo.eps>
(epstopdf)             \includegraphics on input line 5.
Package epstopdf Info: Output file is already uptodate.

<ETHlogo-eps-converted-to.pdf, id=1, 179.67125pt x 45.16875pt>
File: ETHlogo-eps-converted-to.pdf Graphic file (type pdf)

<use ETHlogo-eps-converted-to.pdf>
Package pdftex.def Info: ETHlogo-eps-converted-to.pdf used on input line 5.
(pdftex.def)             Requested size: 142.26378pt x 35.76698pt.
LaTeX Font Info:    Try loading font information for U+msa on input line 34.

("C:\Program Files\MiKTeX 2.9\tex\latex\amsfonts\umsa.fd"
File: umsa.fd 2009/06/22 v3.00 AMS symbols A
)
LaTeX Font Info:    Try loading font information for U+msb on input line 34.

("C:\Program Files\MiKTeX 2.9\tex\latex\amsfonts\umsb.fd"
File: umsb.fd 2009/06/22 v3.00 AMS symbols B
)) [1

{C:/ProgramData/MiKTeX/2.9/pdftex/config/pdftex.map} <C:/Users/User/Documents/G
itHub/Project-Info-Spreading/doc/latex/ETHlogo-eps-converted-to.pdf>] [2]
(C:\Users\User\Documents\GitHub\Project-Info-Spreading\doc\latex\infospreading.
toc)
\tf@toc=\write3
 [3]
(C:\Users\User\Documents\GitHub\Project-Info-Spreading\doc\latex\introduction.t
ex
Underfull \hbox (badness 10000) in paragraph at lines 3--9

 []

LaTeX Font Info:    Try loading font information for OMS+cmr on input line 11.
("C:\Program Files\MiKTeX 2.9\tex\latex\base\omscmr.fd"
File: omscmr.fd 1999/05/25 v2.5h Standard LaTeX font definitions
)
LaTeX Font Info:    Font shape `OMS/cmr/m/n' in size <12> not available
(Font)              Font shape `OMS/cmsy/m/n' tried instead on input line 11.
)
(C:\Users\User\Documents\GitHub\Project-Info-Spreading\doc\latex\model.tex
Underfull \hbox (badness 10000) in paragraph at lines 1--5

 []

[4])
Underfull \hbox (badness 10000) in paragraph at lines 29--111

 []

[5]
(C:\Users\User\Documents\GitHub\Project-Info-Spreading\doc\latex\implementation
.tex
Underfull \hbox (badness 10000) in paragraph at lines 13--17

 []

[6])
(C:\Users\User\Documents\GitHub\Project-Info-Spreading\doc\latex\python.tex
[7] [8] <Network-Graph.png, id=45, 578.6418pt x 434.1018pt>
File: Network-Graph.png Graphic file (type png)

<use Network-Graph.png>
Package pdftex.def Info: Network-Graph.png used on input line 62.
(pdftex.def)             Requested size: 199.16928pt x 149.42084pt.
 [9 <C:/Users/User/Documents/GitHub/Project-Info-Spreading/doc/latex/Network-Gr
aph.png (PNG copy)>])
(C:\Users\User\Documents\GitHub\Project-Info-Spreading\doc\latex\results.tex
<network_degreehist.png, id=49, 578.6418pt x 434.1018pt>
File: network_degreehist.png Graphic file (type png)

<use network_degreehist.png>
Package pdftex.def Info: network_degreehist.png used on input line 25.
(pdftex.def)             Requested size: 199.16928pt x 149.42084pt.

<network_clusterhist.png, id=50, 578.6418pt x 434.1018pt>
File: network_clusterhist.png Graphic file (type png)

<use network_clusterhist.png>
Package pdftex.def Info: network_clusterhist.png used on input line 28.
(pdftex.def)             Requested size: 199.16928pt x 149.42084pt.


Package caption Warning: \captionsetup{type*=...} or \captionof
(caption)                outside box or environment on input line 30.
See the caption package documentation for explanation.


Overfull \hbox (19.61107pt too wide) in paragraph at lines 24--30
[]$[]$ $[]$ 
 []

<network_centralityhist.png, id=51, 578.6418pt x 434.1018pt>
File: network_centralityhist.png Graphic file (type png)

<use network_centralityhist.png>
Package pdftex.def Info: network_centralityhist.png used on input line 38.
(pdftex.def)             Requested size: 199.16928pt x 149.42084pt.

Overfull \hbox (19.61107pt too wide) in paragraph at lines 34--42
[]$[]$ $[]$ 
 []

[10 <C:/Users/User/Documents/GitHub/Project-Info-Spreading/doc/latex/network_de
greehist.png (PNG copy)> <C:/Users/User/Documents/GitHub/Project-Info-Spreading
/doc/latex/network_clusterhist.png (PNG copy)>]
<NICE_SIR.png, id=55, 578.6418pt x 434.1018pt>
File: NICE_SIR.png Graphic file (type png)
 <use NICE_SIR.png>
Package pdftex.def Info: NICE_SIR.png used on input line 54.
(pdftex.def)             Requested size: 199.16928pt x 149.42084pt.

<1-local-max.png, id=56, 578.6418pt x 434.1018pt>
File: 1-local-max.png Graphic file (type png)
 <use 1-local-max.png>
Package pdftex.def Info: 1-local-max.png used on input line 57.
(pdftex.def)             Requested size: 199.16928pt x 149.42084pt.

Overfull \hbox (19.61107pt too wide) in paragraph at lines 53--59
[]$[]$ $[]$ 
 []

<2-local-max.png, id=57, 578.6418pt x 434.1018pt>
File: 2-local-max.png Graphic file (type png)
 <use 2-local-max.png>
Package pdftex.def Info: 2-local-max.png used on input line 67.
(pdftex.def)             Requested size: 199.16928pt x 149.42084pt.

Overfull \hbox (19.61107pt too wide) in paragraph at lines 63--71
[]$[]$ $[]$ 
 []

[11 <C:/Users/User/Documents/GitHub/Project-Info-Spreading/doc/latex/network_ce
ntralityhist.png (PNG copy)> <C:/Users/User/Documents/GitHub/Project-Info-Sprea
ding/doc/latex/NICE_SIR.png (PNG copy)> <C:/Users/User/Documents/GitHub/Project
-Info-Spreading/doc/latex/1-local-max.png (PNG copy)>]
<Analysis_pforget.png, id=61, 578.6418pt x 434.1018pt>
File: Analysis_pforget.png Graphic file (type png)

<use Analysis_pforget.png>
Package pdftex.def Info: Analysis_pforget.png used on input line 81.
(pdftex.def)             Requested size: 199.16928pt x 149.42084pt.
 <SIR_ODE.png, id=62, 578.6418pt x 434.1018pt>
File: SIR_ODE.png Graphic file (type png)

<use SIR_ODE.png>
Package pdftex.def Info: SIR_ODE.png used on input line 87.
(pdftex.def)             Requested size: 398.33858pt x 298.84169pt.
 [12 <C:/Users/User/Documents/GitHub/Project-Info-Spreading/doc/latex/2-local-m
ax.png (PNG copy)>] [13 <C:/Users/User/Documents/GitHub/Project-Info-Spreading/
doc/latex/Analysis_pforget.png (PNG copy)> <C:/Users/User/Documents/GitHub/Proj
ect-Info-Spreading/doc/latex/SIR_ODE.png (PNG copy)>]
<influ2.png, id=70, 560.0925pt x 420.57124pt>
File: influ2.png Graphic file (type png)
 <use influ2.png>
Package pdftex.def Info: influ2.png used on input line 99.
(pdftex.def)             Requested size: 199.16928pt x 149.55731pt.

Underfull \hbox (badness 1789) in paragraph at lines 100--100
\OT1/cmr/m/n/10.95 fec-tions, summed over all 3840
 []


Underfull \hbox (badness 1577) in paragraph at lines 104--105
\OT1/cmr/m/n/12 that the vast ma-jor-ity of peo-ple has
 []


Underfull \hbox (badness 10000) in paragraph at lines 104--105

 []


Overfull \hbox (2.61107pt too wide) in paragraph at lines 98--106
$[]$ $[]$ 
 []


Underfull \hbox (badness 10000) in paragraph at lines 117--121

 []

<influ3.png, id=71, 560.0925pt x 420.57124pt>
File: influ3.png Graphic file (type png)
 <use influ3.png>
Package pdftex.def Info: influ3.png used on input line 123.
(pdftex.def)             Requested size: 199.16928pt x 149.55731pt.

Underfull \hbox (badness 10000) in paragraph at lines 136--140

 []


Underfull \hbox (badness 10000) in paragraph at lines 136--140

 []

[14

 <C:/Users/User/Documents/GitHub/Project-Info-Spreading/doc/latex/influ2.png (P
NG copy)>] <influ4.png, id=75, 561.09625pt x 420.57124pt>
File: influ4.png Graphic file (type png)
 <use influ4.png>
Package pdftex.def Info: influ4.png used on input line 148.
(pdftex.def)             Requested size: 199.16928pt x 149.2878pt.
)
(C:\Users\User\Documents\GitHub\Project-Info-Spreading\doc\latex\summary.tex)
(C:\Users\User\Documents\GitHub\Project-Info-Spreading\doc\latex\bib.tex
Missing character: There is no Ã in font cmr12!
Missing character: There is no © in font cmr12!

[15 <C:/Users/User/Documents/GitHub/Project-Info-Spreading/doc/latex/influ3.png
 (PNG copy)>] <ImportantCorrelations.png, id=79, 578.6418pt x 434.1018pt>
File: ImportantCorrelations.png Graphic file (type png)

<use ImportantCorrelations.png>
Package pdftex.def Info: ImportantCorrelations.png used on input line 37.
(pdftex.def)             Requested size: 199.16928pt x 149.42084pt.
File: Network-Graph.png Graphic file (type png)
 <use Network-Graph.png>
Package pdftex.def Info: Network-Graph.png used on input line 43.
(pdftex.def)             Requested size: 199.16928pt x 149.42084pt.
) [16 <C:/Users/User/Documents/GitHub/Project-Info-Spreading/doc/latex/influ4.p
ng (PNG copy)>] [17 <C:/Users/User/Documents/GitHub/Project-Info-Spreading/doc/
latex/ImportantCorrelations.png (PNG copy)>]
(C:\Users\User\Documents\GitHub\Project-Info-Spreading\doc\latex\infospreading.
aux)

LaTeX Warning: There were multiply-defined labels.

 ) 
Here is how much of TeX's memory you used:
 6173 strings out of 494049
 92590 string characters out of 3148485
 191736 words of memory out of 3000000
 9336 multiletter control sequences out of 15000+200000
 14479 words of font info for 56 fonts, out of 3000000 for 9000
 715 hyphenation exceptions out of 8191
 42i,20n,38p,1136b,942s stack positions out of 5000i,500n,10000p,200000b,50000s
<C:/Program Files/MiKTeX 2.9/fonts/type1/public/amsfonts/cm/cmbx10.pfb><C:/Pr
ogram Files/MiKTeX 2.9/fonts/type1/public/amsfonts/cm/cmbx12.pfb><C:/Program Fi
les/MiKTeX 2.9/fonts/type1/public/amsfonts/cm/cmex10.pfb><C:/Program Files/MiKT
eX 2.9/fonts/type1/public/amsfonts/cm/cmmi12.pfb><C:/Program Files/MiKTeX 2.9/f
onts/type1/public/amsfonts/cm/cmmi8.pfb><C:/Program Files/MiKTeX 2.9/fonts/type
1/public/amsfonts/cm/cmr10.pfb><C:/Program Files/MiKTeX 2.9/fonts/type1/public/
amsfonts/cm/cmr12.pfb><C:/Program Files/MiKTeX 2.9/fonts/type1/public/amsfonts/
cm/cmr17.pfb><C:/Program Files/MiKTeX 2.9/fonts/type1/public/amsfonts/cm/cmr6.p
fb><C:/Program Files/MiKTeX 2.9/fonts/type1/public/amsfonts/cm/cmr8.pfb><C:/Pro
gram Files/MiKTeX 2.9/fonts/type1/public/amsfonts/cm/cmr9.pfb><C:/Program Files
/MiKTeX 2.9/fonts/type1/public/amsfonts/cm/cmsy10.pfb><C:/Program Files/MiKTeX 
2.9/fonts/type1/public/amsfonts/cm/cmsy9.pfb><C:/Program Files/MiKTeX 2.9/fonts
/type1/public/amsfonts/cm/cmti12.pfb><C:/Program Files/MiKTeX 2.9/fonts/type1/p
ublic/amsfonts/cm/cmtt12.pfb>
Output written on infospreading.pdf (17 pages, 413222 bytes).
PDF statistics:
 133 PDF objects out of 1000 (max. 8388607)
 0 named destinations out of 1000 (max. 500000)
 71 words of extra memory for PDF output out of 10000 (max. 10000000)

