#
# A fatal error has been detected by the Java Runtime Environment:
#
#  EXCEPTION_ACCESS_VIOLATION (0xc0000005) at pc=0x74c2c585, pid=7600, tid=5340
#
# JRE version: 6.0_17-b04
# Java VM: Java HotSpot(TM) Client VM (14.3-b01 mixed mode windows-x86 )
# Problematic frame:
# V  [jvm.dll+0xfc585]
#
# If you would like to submit a bug report, please visit:
#   http://java.sun.com/webapps/bugreport/crash.jsp
#

---------------  T H R E A D  ---------------

Current thread (0x20f05000):  JavaThread "Code Analyzer updating thread" [_thread_in_vm, id=5340, stack(0x2a870000,0x2a8f0000)]

siginfo: ExceptionCode=0xc0000005, reading address 0x00000000

Registers:
EAX=0x00000000, EBX=0x20f05110, ECX=0x20f05000, EDX=0x74d467a4
ESP=0x2a8ef294, EBP=0x2a8ef2dc, ESI=0x20f05000, EDI=0x00000000
EIP=0x74c2c585, EFLAGS=0x00010246

Top of Stack: (sp=0x2a8ef294)
0x2a8ef294:   2175b828 20f05110 06e12fba 2a8ef338
0x2a8ef2a4:   74d1dff0 74d1f2f0 ffffffff 2a8ef2c0
0x2a8ef2b4:   74b310e0 20f05000 2a8efd54 2a8ef2f0
0x2a8ef2c4:   74c2f5b9 20f05000 20f05000 21377044
0x2a8ef2d4:   000004bb 74d467a4 2a8ef2f4 06e110fd
0x2a8ef2e4:   20f05110 2175b828 00000000 2a8ef308
0x2a8ef2f4:   2a8efb78 06e12fea 20f05110 2175b828
0x2a8ef304:   00000000 54db2dc7 2a8efb6c 2a8ef5a8 

Instructions: (pc=0x74c2c585)
0x74c2c575:   00 00 00 74 08 8d 4d f0 e8 3e 24 08 00 8b 7d 10
0x74c2c585:   8b 07 c7 45 e0 0c 00 00 00 8b 48 08 0f b7 51 26 


Stack: [0x2a870000,0x2a8f0000],  sp=0x2a8ef294,  free space=508k
Native frames: (J=compiled Java code, j=interpreted, Vv=VM code, C=native code)
V  [jvm.dll+0xfc585]
C  0x06e110fd
C  0x06e12fea
j  com.mathworks.widgets.text.mcode.MLint.nativeGetMessages(Ljava/lang/String;Ljava/lang/String;)Ljava/util/List;+0
j  com.mathworks.widgets.text.mcode.MLint.getMessages(Ljava/lang/String;Ljava/lang/String;Lcom/mathworks/widgets/text/mcode/MLintConfiguration;Z)Ljava/util/List;+67
j  com.mathworks.widgets.text.mcode.analyzer.CodeAnalyzerThread.doMLint()V+95
j  com.mathworks.widgets.text.mcode.analyzer.CodeAnalyzerThread.access$400(Lcom/mathworks/widgets/text/mcode/analyzer/CodeAnalyzerThread;)V+1
j  com.mathworks.widgets.text.mcode.analyzer.CodeAnalyzerThread$MLintRunnable.run()V+14
j  java.lang.Thread.run()V+11
v  ~StubRoutines::call_stub
V  [jvm.dll+0xecf9c]
V  [jvm.dll+0x1741d1]
V  [jvm.dll+0xed167]
V  [jvm.dll+0xed1dd]
V  [jvm.dll+0x116290]
V  [jvm.dll+0x1d0414]
V  [jvm.dll+0x173e4c]
C  0x7d919565
C  [kernel32.dll+0x51154]
C  [ntdll.dll+0x5b299]
C  [ntdll.dll+0x5b26c]

Java frames: (J=compiled Java code, j=interpreted, Vv=VM code)
j  com.mathworks.widgets.text.mcode.MLint.nativeGetMessages(Ljava/lang/String;Ljava/lang/String;)Ljava/util/List;+0
j  com.mathworks.widgets.text.mcode.MLint.getMessages(Ljava/lang/String;Ljava/lang/String;Lcom/mathworks/widgets/text/mcode/MLintConfiguration;Z)Ljava/util/List;+67
j  com.mathworks.widgets.text.mcode.analyzer.CodeAnalyzerThread.doMLint()V+95
j  com.mathworks.widgets.text.mcode.analyzer.CodeAnalyzerThread.access$400(Lcom/mathworks/widgets/text/mcode/analyzer/CodeAnalyzerThread;)V+1
j  com.mathworks.widgets.text.mcode.analyzer.CodeAnalyzerThread$MLintRunnable.run()V+14
j  java.lang.Thread.run()V+11
v  ~StubRoutines::call_stub

---------------  P R O C E S S  ---------------

Java Threads: ( => current thread )
  0x06fb7400 JavaThread "FileDecorationCache request queue" daemon [_thread_blocked, id=9544, stack(0x07690000,0x07710000)]
  0x06fb7800 JavaThread "Code Analyzer updating thread" [_thread_blocked, id=1792, stack(0x077b0000,0x07830000)]
  0x06fb6800 JavaThread "Swing-Shell" daemon [_thread_blocked, id=5712, stack(0x07730000,0x077b0000)]
  0x20f05c00 JavaThread "Code Analyzer updating thread" [_thread_blocked, id=6060, stack(0x08d20000,0x08da0000)]
  0x20f00800 JavaThread "Code Analyzer updating thread" [_thread_blocked, id=3516, stack(0x07c60000,0x07ce0000)]
  0x20f01400 JavaThread "Code Analyzer updating thread" [_thread_blocked, id=6296, stack(0x07be0000,0x07c60000)]
=>0x20f05000 JavaThread "Code Analyzer updating thread" [_thread_in_vm, id=5340, stack(0x2a870000,0x2a8f0000)]
  0x20f02c00 JavaThread "Active Reference Queue Daemon" daemon [_thread_blocked, id=2208, stack(0x2a7f0000,0x2a870000)]
  0x20f04400 JavaThread "Timer-1" daemon [_thread_blocked, id=1676, stack(0x2a770000,0x2a7f0000)]
  0x20f04c00 JavaThread "Prefs Updater" daemon [_thread_blocked, id=2192, stack(0x2a6f0000,0x2a770000)]
  0x20f04000 JavaThread "ClipboardMonitor Timer" daemon [_thread_blocked, id=6340, stack(0x27800000,0x27880000)]
  0x20f03400 JavaThread "Explorer NavigationContext request queue" daemon [_thread_blocked, id=6332, stack(0x27e90000,0x27f10000)]
  0x20f02800 JavaThread "AddressBar directory emptiness poller" daemon [_thread_blocked, id=4288, stack(0x27980000,0x27a00000)]
  0x20f02000 JavaThread "Explorer Refresh Service 13821278" daemon [_thread_blocked, id=4056, stack(0x27880000,0x27900000)]
  0x20f00400 JavaThread "Thread-4" daemon [_thread_blocked, id=5348, stack(0x27360000,0x273e0000)]
  0x20effc00 JavaThread "TimerQueue" daemon [_thread_blocked, id=7212, stack(0x05280000,0x05300000)]
  0x20eff800 JavaThread "Thread-3" daemon [_thread_blocked, id=6032, stack(0x051b0000,0x05230000)]
  0x20eff000 JavaThread "FelixPackageAdmin" daemon [_thread_blocked, id=6984, stack(0x22020000,0x220a0000)]
  0x20efec00 JavaThread "FelixStartLevel" daemon [_thread_blocked, id=1784, stack(0x21fa0000,0x22020000)]
  0x20efe400 JavaThread "FelixDispatchQueue" daemon [_thread_blocked, id=7312, stack(0x21f20000,0x21fa0000)]
  0x20e40400 JavaThread "AWT-EventQueue-0" [_thread_blocked, id=6620, stack(0x21e20000,0x21ea0000)]
  0x20e1a000 JavaThread "com.google.common.base.internal.Finalizer" daemon [_thread_blocked, id=6704, stack(0x21ca0000,0x21d20000)]
  0x20d0cc00 JavaThread "AWT-Windows" daemon [_thread_in_native, id=5092, stack(0x21ba0000,0x21c20000)]
  0x20d0c400 JavaThread "AWT-Shutdown" [_thread_blocked, id=4944, stack(0x21b20000,0x21ba0000)]
  0x20d0a400 JavaThread "Java2D Disposer" daemon [_thread_blocked, id=7420, stack(0x21aa0000,0x21b20000)]
  0x1fe35800 JavaThread "Timer-0" [_thread_blocked, id=6236, stack(0x21930000,0x219b0000)]
  0x1fdcb000 JavaThread "EventMgr Dispatcher" daemon [_thread_in_native, id=212, stack(0x1fe60000,0x20660000)]
  0x06fb5400 JavaThread "Low Memory Detector" daemon [_thread_blocked, id=2020, stack(0x0c3e0000,0x0c460000)]
  0x06fa0000 JavaThread "CompilerThread0" daemon [_thread_blocked, id=5456, stack(0x1e010000,0x1e810000)]
  0x06f97400 JavaThread "Attach Listener" daemon [_thread_blocked, id=6244, stack(0x0c360000,0x0c3e0000)]
  0x06f64800 JavaThread "Finalizer" daemon [_thread_blocked, id=8044, stack(0x0c2e0000,0x0c360000)]
  0x06f63400 JavaThread "Reference Handler" daemon [_thread_blocked, id=6724, stack(0x079f0000,0x07a70000)]
  0x0515f800 JavaThread "main" [_thread_in_native, id=6136, stack(0x00430000,0x00c30000)]

Other Threads:
  0x06f60400 VMThread [stack: 0x0f530000,0x0fd30000] [id=5580]
  0x0fd30400 WatcherThread [stack: 0x1e810000,0x1f010000] [id=4052]

VM state:not at safepoint (normal execution)

VM Mutex/Monitor currently owned by a thread: None

Heap
 def new generation   total 20224K, used 4975K [0x10010000, 0x11600000, 0x12010000)
  eden space 17984K,  23% used [0x10010000, 0x104351e8, 0x111a0000)
  from space 2240K,  32% used [0x111a0000, 0x11256b50, 0x113d0000)
  to   space 2240K,   0% used [0x113d0000, 0x113d0000, 0x11600000)
 tenured generation   total 67212K, used 56857K [0x12010000, 0x161b3000, 0x18010000)
   the space 67212K,  84% used [0x12010000, 0x157966f0, 0x15796800, 0x161b3000)
 compacting perm gen  total 45568K, used 45382K [0x18010000, 0x1ac90000, 0x1e010000)
   the space 45568K,  99% used [0x18010000, 0x1ac61a18, 0x1ac61c00, 0x1ac90000)
No shared spaces configured.

Dynamic libraries:
0x00400000 - 0x00425000 	C:\Program Files\MATLAB_R2013a\R2013a\bin\win32\matlab.exe
0x77670000 - 0x777ac000 	C:\Windows\SYSTEM32\ntdll.dll
0x774b0000 - 0x77584000 	C:\Windows\system32\kernel32.dll
0x75990000 - 0x759db000 	C:\Windows\system32\KERNELBASE.dll
0x7ef10000 - 0x7efa1000 	C:\Program Files\MATLAB_R2013a\R2013a\bin\win32\libut.dll
0x7dce0000 - 0x7dd75000 	C:\Program Files\MATLAB_R2013a\R2013a\bin\win32\libmwi18n.dll
0x10000000 - 0x1000b000 	C:\Program Files\MATLAB_R2013a\R2013a\bin\win32\libmwresource_core.dll
0x5a990000 - 0x5a9f9000 	C:\Program Files\MATLAB_R2013a\R2013a\bin\win32\MSVCP100.dll
0x54db0000 - 0x54e6f000 	C:\Program Files\MATLAB_R2013a\R2013a\bin\win32\MSVCR100.dll
0x6bb10000 - 0x6bb1c000 	C:\Program Files\MATLAB_R2013a\R2013a\bin\win32\boost_date_time-vc100-mt-1_49.dll
0x5e920000 - 0x5e945000 	C:\Program Files\MATLAB_R2013a\R2013a\bin\win32\boost_filesystem-vc100-mt-1_49.dll
0x6c190000 - 0x6c197000 	C:\Program Files\MATLAB_R2013a\R2013a\bin\win32\boost_system-vc100-mt-1_49.dll
0x77590000 - 0x77630000 	C:\Windows\system32\ADVAPI32.dll
0x76650000 - 0x766fc000 	C:\Windows\system32\msvcrt.dll
0x76010000 - 0x76029000 	C:\Windows\SYSTEM32\sechost.dll
0x75f60000 - 0x76001000 	C:\Windows\system32\RPCRT4.dll
0x5eae0000 - 0x5eb01000 	C:\Program Files\MATLAB_R2013a\R2013a\bin\win32\LIBEXPAT.dll
0x72eb0000 - 0x72ff9000 	C:\Program Files\MATLAB_R2013a\R2013a\bin\win32\icuin49.dll
0x7ea10000 - 0x7eb17000 	C:\Program Files\MATLAB_R2013a\R2013a\bin\win32\icuuc49.dll
0x00c30000 - 0x01d52000 	C:\Program Files\MATLAB_R2013a\R2013a\bin\win32\icudt49.dll
0x73db0000 - 0x73dbd000 	C:\Program Files\MATLAB_R2013a\R2013a\bin\win32\icuio49.dll
0x00270000 - 0x003c3000 	C:\Program Files\MATLAB_R2013a\R2013a\bin\win32\libmwfl.dll
0x01d60000 - 0x02083000 	C:\Program Files\MATLAB_R2013a\R2013a\bin\win32\libmwMATLAB_res.dll
0x58ac0000 - 0x58b74000 	C:\Program Files\MATLAB_R2013a\R2013a\bin\win32\boost_regex-vc100-mt-1_49.dll
0x777d0000 - 0x77899000 	C:\Windows\system32\USER32.dll
0x761e0000 - 0x7622e000 	C:\Windows\system32\GDI32.dll
0x76090000 - 0x7609a000 	C:\Windows\system32\LPK.dll
0x76500000 - 0x7659e000 	C:\Windows\system32\USP10.dll
0x693b0000 - 0x693be000 	C:\Program Files\MATLAB_R2013a\R2013a\bin\win32\boost_signals-vc100-mt-1_49.dll
0x6ae10000 - 0x6ae1e000 	C:\Program Files\MATLAB_R2013a\R2013a\bin\win32\boost_thread-vc100-mt-1_49.dll
0x58a40000 - 0x58ab4000 	C:\Program Files\MATLAB_R2013a\R2013a\bin\win32\boost_log-vc100-mt-1_49.dll
0x763d0000 - 0x763d5000 	C:\Windows\system32\PSAPI.DLL
0x77630000 - 0x77665000 	C:\Windows\system32\WS2_32.dll
0x777b0000 - 0x777b6000 	C:\Windows\system32\NSI.dll
0x5d1e0000 - 0x5d208000 	C:\Program Files\MATLAB_R2013a\R2013a\bin\win32\tbb.dll
0x76620000 - 0x7664a000 	C:\Windows\system32\imagehlp.dll
0x74a70000 - 0x74a95000 	C:\Windows\system32\POWRPROF.dll
0x76230000 - 0x763cd000 	C:\Windows\system32\SETUPAPI.dll
0x75960000 - 0x75987000 	C:\Windows\system32\CFGMGR32.dll
0x75b00000 - 0x75b8f000 	C:\Windows\system32\OLEAUT32.dll
0x77350000 - 0x774ac000 	C:\Windows\system32\ole32.dll
0x75880000 - 0x75892000 	C:\Windows\system32\DEVOBJ.dll
0x00100000 - 0x00119000 	C:\Program Files\MATLAB_R2013a\R2013a\bin\win32\libmwmfl_scalar.dll
0x73e90000 - 0x73f7b000 	C:\Windows\system32\dbghelp.dll
0x02090000 - 0x02326000 	C:\Program Files\MATLAB_R2013a\R2013a\bin\win32\libmwservices.dll
0x7db50000 - 0x7dc0c000 	C:\Program Files\MATLAB_R2013a\R2013a\bin\win32\libmx.dll
0x66e30000 - 0x66e48000 	C:\Program Files\MATLAB_R2013a\R2013a\bin\win32\tbbmalloc.dll
0x66f90000 - 0x66fa4000 	C:\Program Files\MATLAB_R2013a\R2013a\bin\win32\zlib1.dll
0x00120000 - 0x0015d000 	C:\Program Files\MATLAB_R2013a\R2013a\bin\win32\libmwregexp.dll
0x7df40000 - 0x7df78000 	C:\Program Files\MATLAB_R2013a\R2013a\bin\win32\mpath.dll
0x72990000 - 0x72ea3000 	C:\Program Files\MATLAB_R2013a\R2013a\bin\win32\mlutil.dll
0x7d670000 - 0x7d6d2000 	C:\Program Files\MATLAB_R2013a\R2013a\bin\win32\xmlcore.dll
0x50190000 - 0x50350000 	C:\Program Files\MATLAB_R2013a\R2013a\bin\win32\xerces-c_2_7.dll
0x003d0000 - 0x003ef000 	C:\Program Files\MATLAB_R2013a\R2013a\bin\win32\libmwMATLAB_settings_res.dll
0x691d0000 - 0x691dd000 	C:\Program Files\MATLAB_R2013a\R2013a\bin\win32\boost_iostreams-vc100-mt-1_49.dll
0x5bad0000 - 0x5bb0e000 	C:\Program Files\MATLAB_R2013a\R2013a\bin\win32\boost_serialization-vc100-mt-1_49.dll
0x76700000 - 0x77349000 	C:\Windows\system32\SHELL32.dll
0x76030000 - 0x76087000 	C:\Windows\system32\SHLWAPI.dll
0x003f0000 - 0x003f5000 	C:\Program Files\MATLAB_R2013a\R2013a\bin\win32\libmwnativedisplay.dll
0x70db0000 - 0x70e34000 	C:\Windows\WinSxS\x86_microsoft.windows.common-controls_6595b64144ccf1df_5.82.7600.16661_none_ebfb56996c72aefc\COMCTL32.dll
0x765a0000 - 0x7661b000 	C:\Windows\system32\COMDLG32.dll
0x73780000 - 0x73791000 	C:\Windows\system32\NETAPI32.dll
0x73770000 - 0x73779000 	C:\Windows\system32\netutils.dll
0x754e0000 - 0x754f9000 	C:\Windows\system32\srvcli.dll
0x73760000 - 0x7376f000 	C:\Windows\system32\wkscli.dll
0x7f270000 - 0x7f2f7000 	C:\Program Files\MATLAB_R2013a\R2013a\bin\win32\mcr.dll
0x02330000 - 0x026be000 	C:\Program Files\MATLAB_R2013a\R2013a\bin\win32\iqm.dll
0x7f630000 - 0x7f6b1000 	C:\Program Files\MATLAB_R2013a\R2013a\bin\win32\m_dispatcher.dll
0x7b920000 - 0x7be74000 	C:\Program Files\MATLAB_R2013a\R2013a\bin\win32\m_interpreter.dll
0x73dc0000 - 0x73ddc000 	C:\Program Files\MATLAB_R2013a\R2013a\bin\win32\libmex.dll
0x7d8b0000 - 0x7d910000 	C:\Program Files\MATLAB_R2013a\R2013a\bin\win32\profiler.dll
0x026c0000 - 0x0292c000 	C:\Program Files\MATLAB_R2013a\R2013a\bin\win32\libmwmathutil.dll
0x734f0000 - 0x7350f000 	C:\Program Files\MATLAB_R2013a\R2013a\bin\win32\libmwmathrng.dll
0x02930000 - 0x0293e000 	C:\Program Files\MATLAB_R2013a\R2013a\bin\win32\libmwmfl_rng.dll
0x7c390000 - 0x7c43b000 	C:\Program Files\MATLAB_R2013a\R2013a\bin\win32\libmwmathcore.dll
0x7e000000 - 0x7e048000 	C:\Program Files\MATLAB_R2013a\R2013a\bin\win32\libmwspmatrix.dll
0x72390000 - 0x72540000 	C:\Program Files\MATLAB_R2013a\R2013a\bin\win32\mcos.dll
0x02940000 - 0x0298b000 	C:\Program Files\MATLAB_R2013a\R2013a\bin\win32\libmwcholmod.dll
0x73e70000 - 0x73e7a000 	C:\Program Files\MATLAB_R2013a\R2013a\bin\win32\libmwamd.dll
0x64680000 - 0x64723000 	C:\Windows\WinSxS\x86_microsoft.vc90.crt_1fc8b3b9a1e18e3b_9.0.30729.6161_none_50934f2ebcb7eb57\MSVCR90.dll
0x73e80000 - 0x73e8a000 	C:\Program Files\MATLAB_R2013a\R2013a\bin\win32\libmwcolamd.dll
0x029c0000 - 0x029cb000 	C:\Program Files\MATLAB_R2013a\R2013a\bin\win32\libmwblas.dll
0x73d30000 - 0x73d41000 	C:\Program Files\MATLAB_R2013a\R2013a\bin\win32\libmwbinder.dll
0x029d0000 - 0x029d9000 	C:\Program Files\MATLAB_R2013a\R2013a\bin\win32\libmwompwrapper.dll
0x73030000 - 0x73064000 	C:\Program Files\MATLAB_R2013a\R2013a\bin\win32\libmwlapack.dll
0x73bf0000 - 0x73c07000 	C:\Program Files\MATLAB_R2013a\R2013a\bin\win32\m_pcodeio.dll
0x7e080000 - 0x7e0c9000 	C:\Program Files\MATLAB_R2013a\R2013a\bin\win32\m_ir.dll
0x70000000 - 0x70590000 	C:\Program Files\MATLAB_R2013a\R2013a\bin\win32\m_parser.dll
0x029e0000 - 0x029f1000 	C:\Program Files\MATLAB_R2013a\R2013a\bin\win32\ir_xfmr.dll
0x02a00000 - 0x02a0e000 	C:\Program Files\MATLAB_R2013a\R2013a\bin\win32\mtok.dll
0x73690000 - 0x736b1000 	C:\Program Files\MATLAB_R2013a\R2013a\bin\win32\m_pcodegen.dll
0x7e1c0000 - 0x7e1e7000 	C:\Program Files\MATLAB_R2013a\R2013a\bin\win32\libmwbridge.dll
0x7f390000 - 0x7f421000 	C:\Program Files\MATLAB_R2013a\R2013a\bin\win32\udd.dll
0x7e6f0000 - 0x7e808000 	C:\Program Files\MATLAB_R2013a\R2013a\bin\win32\libmwgui.dll
0x73c10000 - 0x73c2d000 	C:\Program Files\MATLAB_R2013a\R2013a\bin\win32\graphics_util.dll
0x52830000 - 0x528e2000 	C:\Program Files\MATLAB_R2013a\R2013a\bin\win32\libtex_base.dll
0x02a10000 - 0x0315c000 	C:\Program Files\MATLAB_R2013a\R2013a\bin\win32\hg.dll
0x03160000 - 0x031a6000 	C:\Program Files\MATLAB_R2013a\R2013a\bin\win32\libmat.dll
0x75d10000 - 0x75ef9000 	C:\Program Files\MATLAB_R2013a\R2013a\bin\win32\hdf5dll.dll
0x7d9d0000 - 0x7da76000 	C:\Program Files\MATLAB_R2013a\R2013a\bin\win32\jmi.dll
0x031c0000 - 0x031cc000 	C:\Program Files\MATLAB_R2013a\R2013a\bin\win32\nativejava_services.dll
0x732b0000 - 0x732e2000 	C:\Program Files\MATLAB_R2013a\R2013a\bin\win32\libmwhardcopy.dll
0x7de70000 - 0x7deb8000 	C:\Program Files\MATLAB_R2013a\R2013a\bin\win32\libuij.dll
0x031d0000 - 0x033a2000 	C:\Program Files\MATLAB_R2013a\R2013a\bin\win32\hgdatatypes.dll
0x7d2e0000 - 0x7d39d000 	C:\Program Files\MATLAB_R2013a\R2013a\bin\win32\hgutils.dll
0x033b0000 - 0x03438000 	C:\Program Files\MATLAB_R2013a\R2013a\bin\win32\udd_mi.dll
0x03440000 - 0x0346d000 	C:\Program Files\MATLAB_R2013a\R2013a\bin\win32\libmwgbtutils.dll
0x03470000 - 0x03480000 	C:\Program Files\MATLAB_R2013a\R2013a\bin\win32\libmwgbt.dll
0x74dc0000 - 0x75065000 	C:\Program Files\MATLAB_R2013a\R2013a\bin\win32\uiw.dll
0x03480000 - 0x03488000 	C:\Program Files\MATLAB_R2013a\R2013a\bin\win32\uinone.dll
0x03490000 - 0x034ae000 	C:\Program Files\MATLAB_R2013a\R2013a\bin\win32\libmwnativefiledialogs.dll
0x034b0000 - 0x034b9000 	C:\Program Files\MATLAB_R2013a\R2013a\bin\win32\libmwplatform_res.dll
0x73380000 - 0x73392000 	C:\Windows\system32\MPR.dll
0x77bc0000 - 0x77ff8000 	C:\Program Files\MATLAB_R2013a\R2013a\bin\win32\mfc100.dll
0x70e40000 - 0x70e45000 	C:\Windows\system32\MSIMG32.dll
0x70d50000 - 0x70da1000 	C:\Windows\system32\WINSPOOL.DRV
0x73710000 - 0x73726000 	C:\Program Files\MATLAB_R2013a\R2013a\bin\win32\mwoles05.DLL
0x7dc40000 - 0x7dc93000 	C:\Program Files\MATLAB_R2013a\R2013a\bin\win32\comcli.dll
0x5d210000 - 0x5d236000 	C:\Program Files\MATLAB_R2013a\R2013a\bin\win32\ATL100.DLL
0x73e00000 - 0x73e0a000 	C:\Program Files\MATLAB_R2013a\R2013a\bin\win32\mlautoregister.dll
0x034c0000 - 0x035fc000 	C:\Program Files\MATLAB_R2013a\R2013a\bin\win32\mvm.dll
0x75f40000 - 0x75f5f000 	C:\Windows\system32\IMM32.DLL
0x037e0000 - 0x038ac000 	C:\Windows\system32\MSCTF.dll
0x04eb0000 - 0x04ef0000 	C:\Windows\system32\UxTheme.dll
0x72260000 - 0x72273000 	C:\Windows\system32\dwmapi.dll
0x693a0000 - 0x693b0000 	C:\Program Files\MATLAB_R2013a\R2013a\bin\win32\MFC100DEU.DLL
0x04f50000 - 0x04f92000 	C:\Program Files\MATLAB_R2013a\R2013a\bin\win32\MVMLocal.dll
0x74b30000 - 0x74dbb000 	C:\Program Files\MATLAB_R2013a\R2013a\sys\java\jre\win32\jre\bin\client\jvm.dll

VM Arguments:
jvm_args: -Xss512k -XX:PermSize=32m -Xms64m -XX:NewRatio=3 -XX:MaxPermSize=96m -Xmx128m -XX:MaxDirectMemorySize=1200000000 -Dsun.java2d.noddraw=true -Dsun.awt.nopixfmt=true -Xshare:off -Xrs -Dsun.awt.disableMixing=true -Djava.library.path=C:\Program Files\MATLAB_R2013a\R2013a\bin\win32;C:\Program Files\MATLAB_R2013a\R2013a\sys\jxbrowser\win32\lib vfprintf abort 
java_command: <unknown>
Launcher Type: generic

Environment Variables:
CLASSPATH=.;C:\Program Files\Java\jre7\lib\ext\QTJava.zip
PATH=C:\Program Files\NVIDIA Corporation\PhysX\Common;C:\Program Files\MiKTeX 2.9\miktex\bin;C:\Program Files\Common Files\Microsoft Shared\Windows Live;C:\Windows\system32;C:\Windows;C:\Windows\System32\Wbem;C:\Windows\System32\WindowsPowerShell\v1.0\;c:\Program Files\Microsoft SQL Server\90\Tools\binn\;C:\Program Files\MATLAB_R2013a\R2013a\runtime\win32;C:\Program Files\MATLAB_R2013a\R2013a\bin;C:\Program Files\QuickTime\QTSystem\;C:\Program Files\Common Files\Microsoft Shared\Windows Live
USERNAME=User
OS=Windows_NT
PROCESSOR_IDENTIFIER=x86 Family 6 Model 37 Stepping 5, GenuineIntel



---------------  S Y S T E M  ---------------

OS: Windows 7 Build 7600 

CPU:total 4 (8 cores per cpu, 2 threads per core) family 6 model 37 stepping 5, cmov, cx8, fxsr, mmx, sse, sse2, sse3, ssse3, sse4.1, sse4.2, ht

Memory: 4k page, physical 3135344k(980240k free), swap 4194303k(2565860k free)

vm_info: Java HotSpot(TM) Client VM (14.3-b01) for windows-x86 JRE (1.6.0_17-b04), built on Oct 11 2009 00:52:06 by "java_re" with MS VC++ 7.1

time: Tue Dec 03 16:31:38 2013
elapsed time: 2930 seconds

